<?xml version="1.0" encoding="UTF-8"?>
<testsuite xmlns:xsi="http://www.w3.org/2001/XMLSchema-instance" xsi:noNamespaceSchemaLocation="https://maven.apache.org/surefire/maven-surefire-plugin/xsd/surefire-test-report.xsd" name="TestPageHelper" time="2.954" tests="3" errors="0" skipped="0" failures="0">
  <properties>
    <property name="sun.desktop" value="windows"/>
    <property name="awt.toolkit" value="sun.awt.windows.WToolkit"/>
    <property name="file.encoding.pkg" value="sun.io"/>
    <property name="java.specification.version" value="1.8"/>
    <property name="sun.cpu.isalist" value="amd64"/>
    <property name="sun.jnu.encoding" value="GBK"/>
    <property name="java.class.path" value="E:\works1\tao-web\target\test-classes;E:\works1\tao-web\target\classes;E:\works1\tao-service\target\tao-service.jar;E:\works1\tao-dao\target\tao-dao.jar;E:\works1\tao-pojo\target\tao-pojo.jar;E:\bos_repository\junit\junit\4.11\junit-4.11.jar;E:\bos_repository\org\hamcrest\hamcrest-core\1.3\hamcrest-core-1.3.jar;E:\bos_repository\jstl\jstl\1.2\jstl-1.2.jar;E:\bos_repository\javax\servlet\servlet-api\2.5\servlet-api-2.5.jar;E:\bos_repository\javax\servlet\jsp-api\2.0\jsp-api-2.0.jar;E:\bos_repository\commons-fileupload\commons-fileupload\1.3.1\commons-fileupload-1.3.1.jar;E:\bos_repository\com\fasterxml\jackson\core\jackson-databind\2.4.2\jackson-databind-2.4.2.jar;E:\bos_repository\com\fasterxml\jackson\core\jackson-annotations\2.4.0\jackson-annotations-2.4.0.jar;E:\bos_repository\com\fasterxml\jackson\core\jackson-core\2.4.2\jackson-core-2.4.2.jar;E:\bos_repository\net\oschina\zcx7878\fastdfs-client-java\1.27.0.0\fastdfs-client-java-1.27.0.0.jar;E:\bos_repository\com\taotao\tao-common\1-SNAPSHOT\tao-common-1-SNAPSHOT.jar;E:\bos_repository\joda-time\joda-time\2.5\joda-time-2.5.jar;E:\bos_repository\org\apache\commons\commons-lang3\3.3.2\commons-lang3-3.3.2.jar;E:\bos_repository\commons-io\commons-io\1.3.2\commons-io-1.3.2.jar;E:\bos_repository\commons-net\commons-net\3.3\commons-net-3.3.jar;E:\bos_repository\org\apache\httpcomponents\httpclient\4.3.5\httpclient-4.3.5.jar;E:\bos_repository\org\apache\httpcomponents\httpcore\4.3.2\httpcore-4.3.2.jar;E:\bos_repository\commons-logging\commons-logging\1.1.3\commons-logging-1.1.3.jar;E:\bos_repository\commons-codec\commons-codec\1.6\commons-codec-1.6.jar;E:\bos_repository\org\slf4j\slf4j-log4j12\1.6.4\slf4j-log4j12-1.6.4.jar;E:\bos_repository\org\slf4j\slf4j-api\1.6.4\slf4j-api-1.6.4.jar;E:\bos_repository\log4j\log4j\1.2.16\log4j-1.2.16.jar;E:\bos_repository\org\mybatis\mybatis\3.2.8\mybatis-3.2.8.jar;E:\bos_repository\org\mybatis\mybatis-spring\1.2.2\mybatis-spring-1.2.2.jar;E:\bos_repository\com\github\miemiedev\mybatis-paginator\1.2.15\mybatis-paginator-1.2.15.jar;E:\bos_repository\com\github\pagehelper\pagehelper\3.5.0\pagehelper-3.5.0.jar;E:\bos_repository\com\github\jsqlparser\jsqlparser\0.9.1\jsqlparser-0.9.1.jar;E:\bos_repository\mysql\mysql-connector-java\5.1.32\mysql-connector-java-5.1.32.jar;E:\bos_repository\com\alibaba\druid\1.0.9\druid-1.0.9.jar;D:\Java\jdk1.8.0_191\jre\..\lib\jconsole.jar;D:\Java\jdk1.8.0_191\jre\..\lib\tools.jar;E:\bos_repository\org\springframework\spring-context\4.1.3.RELEASE\spring-context-4.1.3.RELEASE.jar;E:\bos_repository\org\springframework\spring-aop\4.1.3.RELEASE\spring-aop-4.1.3.RELEASE.jar;E:\bos_repository\aopalliance\aopalliance\1.0\aopalliance-1.0.jar;E:\bos_repository\org\springframework\spring-core\4.1.3.RELEASE\spring-core-4.1.3.RELEASE.jar;E:\bos_repository\org\springframework\spring-expression\4.1.3.RELEASE\spring-expression-4.1.3.RELEASE.jar;E:\bos_repository\org\springframework\spring-beans\4.1.3.RELEASE\spring-beans-4.1.3.RELEASE.jar;E:\bos_repository\org\springframework\spring-webmvc\4.1.3.RELEASE\spring-webmvc-4.1.3.RELEASE.jar;E:\bos_repository\org\springframework\spring-web\4.1.3.RELEASE\spring-web-4.1.3.RELEASE.jar;E:\bos_repository\org\springframework\spring-jdbc\4.1.3.RELEASE\spring-jdbc-4.1.3.RELEASE.jar;E:\bos_repository\org\springframework\spring-tx\4.1.3.RELEASE\spring-tx-4.1.3.RELEASE.jar;E:\bos_repository\org\springframework\spring-aspects\4.1.3.RELEASE\spring-aspects-4.1.3.RELEASE.jar;E:\bos_repository\org\aspectj\aspectjweaver\1.8.4\aspectjweaver-1.8.4.jar;E:\bos_repository\redis\clients\jedis\2.7.2\jedis-2.7.2.jar;E:\bos_repository\org\apache\commons\commons-pool2\2.3\commons-pool2-2.3.jar;E:\bos_repository\org\apache\solr\solr-solrj\4.10.3\solr-solrj-4.10.3.jar;E:\bos_repository\org\apache\httpcomponents\httpmime\4.3.1\httpmime-4.3.1.jar;E:\bos_repository\org\apache\zookeeper\zookeeper\3.4.6\zookeeper-3.4.6.jar;E:\bos_repository\org\codehaus\woodstox\wstx-asl\3.2.7\wstx-asl-3.2.7.jar;E:\bos_repository\org\noggit\noggit\0.5\noggit-0.5.jar;E:\bos_repository\org\freemarker\freemarker\2.3.28\freemarker-2.3.28.jar;E:\bos_repository\org\quartz-scheduler\quartz\2.3.0\quartz-2.3.0.jar;E:\bos_repository\com\mchange\c3p0\0.9.5.2\c3p0-0.9.5.2.jar;E:\bos_repository\com\mchange\mchange-commons-java\0.2.11\mchange-commons-java-0.2.11.jar;E:\bos_repository\com\zaxxer\HikariCP-java6\2.3.13\HikariCP-java6-2.3.13.jar;"/>
    <property name="java.vm.vendor" value="Oracle Corporation"/>
    <property name="sun.arch.data.model" value="64"/>
    <property name="user.variant" value=""/>
    <property name="java.vendor.url" value="http://java.oracle.com/"/>
    <property name="user.timezone" value=""/>
    <property name="java.vm.specification.version" value="1.8"/>
    <property name="os.name" value="Windows 7"/>
    <property name="user.country" value="CN"/>
    <property name="sun.java.launcher" value="SUN_STANDARD"/>
    <property name="sun.boot.library.path" value="D:\Java\jdk1.8.0_191\jre\bin"/>
    <property name="sun.java.command" value="C:\Users\ADMINI~1\AppData\Local\Temp\surefire7300330170379251870\surefirebooter6843923417318485468.jar C:\Users\Administrator\AppData\Local\Temp\surefire7300330170379251870 2018-12-06T22-33-42_399-jvmRun1 surefire3484367638217125445tmp surefire_04236592856843504707tmp"/>
    <property name="surefire.test.class.path" value="E:\works1\tao-web\target\test-classes;E:\works1\tao-web\target\classes;E:\works1\tao-service\target\tao-service.jar;E:\works1\tao-dao\target\tao-dao.jar;E:\works1\tao-pojo\target\tao-pojo.jar;E:\bos_repository\junit\junit\4.11\junit-4.11.jar;E:\bos_repository\org\hamcrest\hamcrest-core\1.3\hamcrest-core-1.3.jar;E:\bos_repository\jstl\jstl\1.2\jstl-1.2.jar;E:\bos_repository\javax\servlet\servlet-api\2.5\servlet-api-2.5.jar;E:\bos_repository\javax\servlet\jsp-api\2.0\jsp-api-2.0.jar;E:\bos_repository\commons-fileupload\commons-fileupload\1.3.1\commons-fileupload-1.3.1.jar;E:\bos_repository\com\fasterxml\jackson\core\jackson-databind\2.4.2\jackson-databind-2.4.2.jar;E:\bos_repository\com\fasterxml\jackson\core\jackson-annotations\2.4.0\jackson-annotations-2.4.0.jar;E:\bos_repository\com\fasterxml\jackson\core\jackson-core\2.4.2\jackson-core-2.4.2.jar;E:\bos_repository\net\oschina\zcx7878\fastdfs-client-java\1.27.0.0\fastdfs-client-java-1.27.0.0.jar;E:\bos_repository\com\taotao\tao-common\1-SNAPSHOT\tao-common-1-SNAPSHOT.jar;E:\bos_repository\joda-time\joda-time\2.5\joda-time-2.5.jar;E:\bos_repository\org\apache\commons\commons-lang3\3.3.2\commons-lang3-3.3.2.jar;E:\bos_repository\commons-io\commons-io\1.3.2\commons-io-1.3.2.jar;E:\bos_repository\commons-net\commons-net\3.3\commons-net-3.3.jar;E:\bos_repository\org\apache\httpcomponents\httpclient\4.3.5\httpclient-4.3.5.jar;E:\bos_repository\org\apache\httpcomponents\httpcore\4.3.2\httpcore-4.3.2.jar;E:\bos_repository\commons-logging\commons-logging\1.1.3\commons-logging-1.1.3.jar;E:\bos_repository\commons-codec\commons-codec\1.6\commons-codec-1.6.jar;E:\bos_repository\org\slf4j\slf4j-log4j12\1.6.4\slf4j-log4j12-1.6.4.jar;E:\bos_repository\org\slf4j\slf4j-api\1.6.4\slf4j-api-1.6.4.jar;E:\bos_repository\log4j\log4j\1.2.16\log4j-1.2.16.jar;E:\bos_repository\org\mybatis\mybatis\3.2.8\mybatis-3.2.8.jar;E:\bos_repository\org\mybatis\mybatis-spring\1.2.2\mybatis-spring-1.2.2.jar;E:\bos_repository\com\github\miemiedev\mybatis-paginator\1.2.15\mybatis-paginator-1.2.15.jar;E:\bos_repository\com\github\pagehelper\pagehelper\3.5.0\pagehelper-3.5.0.jar;E:\bos_repository\com\github\jsqlparser\jsqlparser\0.9.1\jsqlparser-0.9.1.jar;E:\bos_repository\mysql\mysql-connector-java\5.1.32\mysql-connector-java-5.1.32.jar;E:\bos_repository\com\alibaba\druid\1.0.9\druid-1.0.9.jar;D:\Java\jdk1.8.0_191\jre\..\lib\jconsole.jar;D:\Java\jdk1.8.0_191\jre\..\lib\tools.jar;E:\bos_repository\org\springframework\spring-context\4.1.3.RELEASE\spring-context-4.1.3.RELEASE.jar;E:\bos_repository\org\springframework\spring-aop\4.1.3.RELEASE\spring-aop-4.1.3.RELEASE.jar;E:\bos_repository\aopalliance\aopalliance\1.0\aopalliance-1.0.jar;E:\bos_repository\org\springframework\spring-core\4.1.3.RELEASE\spring-core-4.1.3.RELEASE.jar;E:\bos_repository\org\springframework\spring-expression\4.1.3.RELEASE\spring-expression-4.1.3.RELEASE.jar;E:\bos_repository\org\springframework\spring-beans\4.1.3.RELEASE\spring-beans-4.1.3.RELEASE.jar;E:\bos_repository\org\springframework\spring-webmvc\4.1.3.RELEASE\spring-webmvc-4.1.3.RELEASE.jar;E:\bos_repository\org\springframework\spring-web\4.1.3.RELEASE\spring-web-4.1.3.RELEASE.jar;E:\bos_repository\org\springframework\spring-jdbc\4.1.3.RELEASE\spring-jdbc-4.1.3.RELEASE.jar;E:\bos_repository\org\springframework\spring-tx\4.1.3.RELEASE\spring-tx-4.1.3.RELEASE.jar;E:\bos_repository\org\springframework\spring-aspects\4.1.3.RELEASE\spring-aspects-4.1.3.RELEASE.jar;E:\bos_repository\org\aspectj\aspectjweaver\1.8.4\aspectjweaver-1.8.4.jar;E:\bos_repository\redis\clients\jedis\2.7.2\jedis-2.7.2.jar;E:\bos_repository\org\apache\commons\commons-pool2\2.3\commons-pool2-2.3.jar;E:\bos_repository\org\apache\solr\solr-solrj\4.10.3\solr-solrj-4.10.3.jar;E:\bos_repository\org\apache\httpcomponents\httpmime\4.3.1\httpmime-4.3.1.jar;E:\bos_repository\org\apache\zookeeper\zookeeper\3.4.6\zookeeper-3.4.6.jar;E:\bos_repository\org\codehaus\woodstox\wstx-asl\3.2.7\wstx-asl-3.2.7.jar;E:\bos_repository\org\noggit\noggit\0.5\noggit-0.5.jar;E:\bos_repository\org\freemarker\freemarker\2.3.28\freemarker-2.3.28.jar;E:\bos_repository\org\quartz-scheduler\quartz\2.3.0\quartz-2.3.0.jar;E:\bos_repository\com\mchange\c3p0\0.9.5.2\c3p0-0.9.5.2.jar;E:\bos_repository\com\mchange\mchange-commons-java\0.2.11\mchange-commons-java-0.2.11.jar;E:\bos_repository\com\zaxxer\HikariCP-java6\2.3.13\HikariCP-java6-2.3.13.jar;"/>
    <property name="sun.cpu.endian" value="little"/>
    <property name="user.home" value="C:\Users\Administrator"/>
    <property name="user.language" value="zh"/>
    <property name="java.specification.vendor" value="Oracle Corporation"/>
    <property name="java.home" value="D:\Java\jdk1.8.0_191\jre"/>
    <property name="basedir" value="E:\works1\tao-web"/>
    <property name="file.separator" value="\"/>
    <property name="line.separator" value="&#10;"/>
    <property name="java.vm.specification.vendor" value="Oracle Corporation"/>
    <property name="java.specification.name" value="Java Platform API Specification"/>
    <property name="java.awt.graphicsenv" value="sun.awt.Win32GraphicsEnvironment"/>
    <property name="surefire.real.class.path" value="C:\Users\ADMINI~1\AppData\Local\Temp\surefire7300330170379251870\surefirebooter6843923417318485468.jar"/>
    <property name="sun.boot.class.path" value="D:\Java\jdk1.8.0_191\jre\lib\resources.jar;D:\Java\jdk1.8.0_191\jre\lib\rt.jar;D:\Java\jdk1.8.0_191\jre\lib\sunrsasign.jar;D:\Java\jdk1.8.0_191\jre\lib\jsse.jar;D:\Java\jdk1.8.0_191\jre\lib\jce.jar;D:\Java\jdk1.8.0_191\jre\lib\charsets.jar;D:\Java\jdk1.8.0_191\jre\lib\jfr.jar;D:\Java\jdk1.8.0_191\jre\classes"/>
    <property name="user.script" value=""/>
    <property name="sun.management.compiler" value="HotSpot 64-Bit Tiered Compilers"/>
    <property name="java.runtime.version" value="1.8.0_191-b12"/>
    <property name="user.name" value="Administrator"/>
    <property name="path.separator" value=";"/>
    <property name="os.version" value="6.1"/>
    <property name="java.endorsed.dirs" value="D:\Java\jdk1.8.0_191\jre\lib\endorsed"/>
    <property name="java.runtime.name" value="Java(TM) SE Runtime Environment"/>
    <property name="file.encoding" value="GBK"/>
    <property name="java.vm.name" value="Java HotSpot(TM) 64-Bit Server VM"/>
    <property name="localRepository" value="E:\bos_repository"/>
    <property name="java.vendor.url.bug" value="http://bugreport.sun.com/bugreport/"/>
    <property name="java.io.tmpdir" value="C:\Users\ADMINI~1\AppData\Local\Temp\"/>
    <property name="idea.version" value="2018.3"/>
    <property name="java.version" value="1.8.0_191"/>
    <property name="user.dir" value="E:\works1\tao-web"/>
    <property name="os.arch" value="amd64"/>
    <property name="java.vm.specification.name" value="Java Virtual Machine Specification"/>
    <property name="java.awt.printerjob" value="sun.awt.windows.WPrinterJob"/>
    <property name="sun.os.patch.level" value="Service Pack 1"/>
    <property name="java.library.path" value="D:\Java\jdk1.8.0_191\jre\bin;C:\Windows\Sun\Java\bin;C:\Windows\system32;C:\Windows;C:\Program Files (x86)\Common Files\Oracle\Java\javapath;D:\Java\jdk1.8.0_191\bin;JAVA_HOME%\jre\bin;C:\Windows\system32;C:\Windows;C:\Windows\System32\Wbem;C:\Windows\System32\WindowsPowerShell\v1.0\;C:\Windows\system32\config\systemprofile\.dnx\bin;C:\Program Files\Microsoft DNX\Dnvm\;C:\Program Files\Microsoft SQL Server\130\Tools\Binn\;C:\Python27\;C:\Program Files (x86)\Windows Kits\8.1\Windows Performance Toolkit\;C:\Program Files\Microsoft SQL Server\120\Tools\Binn\;D:\Program Files (x86)\Microsoft SQL Server\100\Tools\Binn\;D:\Program Files\Microsoft SQL Server\100\Tools\Binn\;D:\Program Files\Microsoft SQL Server\100\DTS\Binn\;D:\Program Files (x86)\Microsoft SQL Server\100\Tools\Binn\VSShell\Common7\IDE\;C:\Program Files (x86)\Microsoft Visual Studio 9.0\Common7\IDE\PrivateAssemblies\;D:\Program Files (x86)\Microsoft SQL Server\100\DTS\Binn\;E:\mysql\mysql-5.6.13-winx64\bin;D:\Maven\bin;E:\mysql\mysql-5.6.13-winx64\bin;E:\Python3.7;E:\TortoiseSVN\bin;E:\Python3.7\Scripts\;E:\Python3.7\;E:\Microsoft VS Code\bin;."/>
    <property name="java.vm.info" value="mixed mode"/>
    <property name="java.vendor" value="Oracle Corporation"/>
    <property name="java.vm.version" value="25.191-b12"/>
    <property name="java.ext.dirs" value="D:\Java\jdk1.8.0_191\jre\lib\ext;C:\Windows\Sun\Java\lib\ext"/>
    <property name="sun.io.unicode.encoding" value="UnicodeLittle"/>
    <property name="maven.repo.local" value="E:\bos_repository"/>
    <property name="java.class.version" value="52.0"/>
  </properties>
  <testcase name="testPageHeler" classname="TestPageHelper" time="2.716"/>
  <testcase name="testFastDFSClient" classname="TestPageHelper" time="0.133"/>
  <testcase name="testUpLoad" classname="TestPageHelper" time="0.006"/>
</testsuite>